[    0.000000] Linux version 4.15.0-212-generic (buildd@lcy02-amd64-083) (gcc version 7.5.0 (Ubuntu 7.5.0-3ubuntu1~18.04)) #223-Ubuntu SMP Tue May 23 13:09:22 UTC 2023 (Ubuntu 4.15.0-212.223-generic 4.15.18)
[    0.000000] Command line: BOOT_IMAGE=/boot/vmlinuz-4.15.0-212-generic root=LABEL=cloudimg-rootfs ro console=tty1 console=ttyS0
[    0.000000] KERNEL supported cpus:
[    0.000000]   Intel GenuineIntel
[    0.000000]   AMD AuthenticAMD
[    0.000000]   Centaur CentaurHauls
[    0.000000] [Firmware Bug]: TSC doesn't count with P0 frequency!
[    0.000000] x86/fpu: x87 FPU will use FXSAVE
[    0.000000] e820: BIOS-provided physical RAM map:
[    0.000000] BIOS-e820: [mem 0x0000000000000000-0x000000000009fbff] usable
[    0.000000] BIOS-e820: [mem 0x000000000009fc00-0x000000000009ffff] reserved
[    0.000000] BIOS-e820: [mem 0x00000000000f0000-0x00000000000fffff] reserved
[    0.000000] BIOS-e820: [mem 0x0000000000100000-0x000000001ffeffff] usable
[    0.000000] BIOS-e820: [mem 0x000000001fff0000-0x000000001fffffff] ACPI data
[    0.000000] BIOS-e820: [mem 0x00000000fec00000-0x00000000fec00fff] reserved
[    0.000000] BIOS-e820: [mem 0x00000000fee00000-0x00000000fee00fff] reserved
[    0.000000] BIOS-e820: [mem 0x00000000fffc0000-0x00000000ffffffff] reserved
[    0.000000] NX (Execute Disable) protection: active
[    0.000000] SMBIOS 2.5 present.
[    0.000000] DMI: innotek GmbH VirtualBox/VirtualBox, BIOS VirtualBox 12/01/2006
[    0.000000] Hypervisor detected: KVM
[    0.000000] e820: last_pfn = 0x1fff0 max_arch_pfn = 0x400000000
[    0.000000] x86/PAT: Configuration [0-7]: WB  WC  UC- UC  WB  WP  UC- WT  
[    0.000000] CPU MTRRs all blank - virtualized system.
[    0.000000] found SMP MP-table at [mem 0x0009fbf0-0x0009fbff]
[    0.000000] Scanning 1 areas for low memory corruption
[    0.000000] RAMDISK: [mem 0x1db01000-0x1ee12fff]
[    0.000000] ACPI: Early table checksum verification disabled
[    0.000000] ACPI: RSDP 0x00000000000E0000 000024 (v02 VBOX  )
[    0.000000] ACPI: XSDT 0x000000001FFF0030 00003C (v01 VBOX   VBOXXSDT 00000001 ASL  00000061)
[    0.000000] ACPI: FACP 0x000000001FFF00F0 0000F4 (v04 VBOX   VBOXFACP 00000001 ASL  00000061)
[    0.000000] ACPI: DSDT 0x000000001FFF0610 002353 (v02 VBOX   VBOXBIOS 00000002 INTL 20100528)
[    0.000000] ACPI: FACS 0x000000001FFF0200 000040
[    0.000000] ACPI: FACS 0x000000001FFF0200 000040
[    0.000000] ACPI: APIC 0x000000001FFF0240 000054 (v02 VBOX   VBOXAPIC 00000001 ASL  00000061)
[    0.000000] ACPI: SSDT 0x000000001FFF02A0 00036C (v01 VBOX   VBOXCPUT 00000002 INTL 20100528)
[    0.000000] ACPI: Reserving FACP table memory at [mem 0x1fff00f0-0x1fff01e3]
[    0.000000] ACPI: Reserving DSDT table memory at [mem 0x1fff0610-0x1fff2962]
[    0.000000] ACPI: Reserving FACS table memory at [mem 0x1fff0200-0x1fff023f]
[    0.000000] ACPI: Reserving FACS table memory at [mem 0x1fff0200-0x1fff023f]
[    0.000000] ACPI: Reserving APIC table memory at [mem 0x1fff0240-0x1fff0293]
[    0.000000] ACPI: Reserving SSDT table memory at [mem 0x1fff02a0-0x1fff060b]
[    0.000000] No NUMA configuration found
[    0.000000] Faking a node at [mem 0x0000000000000000-0x000000001ffeffff]
[    0.000000] NODE_DATA(0) allocated [mem 0x1ffc5000-0x1ffeffff]
[    0.000000] kvm-clock: cpu 0, msr 0:1ff44001, primary cpu clock
[    0.000000] kvm-clock: Using msrs 4b564d01 and 4b564d00
[    0.000000] kvm-clock: using sched offset of 6396440002 cycles
[    0.000000] clocksource: kvm-clock: mask: 0xffffffffffffffff max_cycles: 0x1cd42e4dffb, max_idle_ns: 881590591483 ns
[    0.000000] Zone ranges:
[    0.000000]   DMA      [mem 0x0000000000001000-0x0000000000ffffff]
[    0.000000]   DMA32    [mem 0x0000000001000000-0x000000001ffeffff]
[    0.000000]   Normal   empty
[    0.000000]   Device   empty
[    0.000000] Movable zone start for each node
[    0.000000] Early memory node ranges
[    0.000000]   node   0: [mem 0x0000000000001000-0x000000000009efff]
[    0.000000]   node   0: [mem 0x0000000000100000-0x000000001ffeffff]
[    0.000000] Reserved but unavailable: 104 pages
[    0.000000] Initmem setup node 0 [mem 0x0000000000001000-0x000000001ffeffff]
[    0.000000] ACPI: PM-Timer IO Port: 0x4008
[    0.000000] IOAPIC[0]: apic_id 1, version 32, address 0xfec00000, GSI 0-23
[    0.000000] ACPI: INT_SRC_OVR (bus 0 bus_irq 0 global_irq 2 dfl dfl)
[    0.000000] ACPI: INT_SRC_OVR (bus 0 bus_irq 9 global_irq 9 low level)
[    0.000000] Using ACPI (MADT) for SMP configuration information
[    0.000000] smpboot: Allowing 1 CPUs, 0 hotplug CPUs
[    0.000000] PM: Registered nosave memory: [mem 0x00000000-0x00000fff]
[    0.000000] PM: Registered nosave memory: [mem 0x0009f000-0x0009ffff]
[    0.000000] PM: Registered nosave memory: [mem 0x000a0000-0x000effff]
[    0.000000] PM: Registered nosave memory: [mem 0x000f0000-0x000fffff]
[    0.000000] e820: [mem 0x20000000-0xfebfffff] available for PCI devices
[    0.000000] Booting paravirtualized kernel on KVM
[    0.000000] clocksource: refined-jiffies: mask: 0xffffffff max_cycles: 0xffffffff, max_idle_ns: 7645519600211568 ns
[    0.000000] setup_percpu: NR_CPUS:8192 nr_cpumask_bits:1 nr_cpu_ids:1 nr_node_ids:1
[    0.000000] percpu: Embedded 50 pages/cpu s167936 r8192 d28672 u2097152
[    0.000000] PV qspinlock hash table entries: 256 (order: 0, 4096 bytes)
[    0.000000] Built 1 zonelists, mobility grouping on.  Total pages: 128889
[    0.000000] Policy zone: DMA32
[    0.000000] Kernel command line: BOOT_IMAGE=/boot/vmlinuz-4.15.0-212-generic root=LABEL=cloudimg-rootfs ro console=tty1 console=ttyS0
[    0.000000] Memory: 466748K/523832K available (12300K kernel code, 2477K rwdata, 4324K rodata, 2480K init, 2720K bss, 57084K reserved, 0K cma-reserved)
[    0.000000] SLUB: HWalign=64, Order=0-3, MinObjects=0, CPUs=1, Nodes=1
[    0.000000] ftrace: allocating 39508 entries in 155 pages
[    0.004000] Hierarchical RCU implementation.
[    0.004000] 	RCU restricting CPUs from NR_CPUS=8192 to nr_cpu_ids=1.
[    0.004000] 	Tasks RCU enabled.
[    0.004000] RCU: Adjusting geometry for rcu_fanout_leaf=16, nr_cpu_ids=1
[    0.004000] NR_IRQS: 524544, nr_irqs: 256, preallocated irqs: 16
[    0.004000] random: crng init done
[    0.004000] Console: colour VGA+ 80x25
[    0.004000] console [tty1] enabled
[    0.004000] console [ttyS0] enabled
[    0.004000] ACPI: Core revision 20170831
[    0.004000] ACPI: 2 ACPI AML tables successfully acquired and loaded
[    0.004000] APIC: Switch to symmetric I/O mode setup
[    0.008000] ..TIMER: vector=0x30 apic1=0 pin1=2 apic2=-1 pin2=-1
[    0.008022] tsc: Detected 2099.938 MHz processor
[    0.012024] Calibrating delay loop (skipped) preset value.. 4199.87 BogoMIPS (lpj=8399752)
[    0.016022] pid_max: default: 32768 minimum: 301
[    0.020101] Security Framework initialized
[    0.024021] Yama: becoming mindful.
[    0.028091] AppArmor: AppArmor initialized
[    0.036229] Dentry cache hash table entries: 65536 (order: 7, 524288 bytes)
[    0.040104] Inode-cache hash table entries: 32768 (order: 6, 262144 bytes)
[    0.044077] Mount-cache hash table entries: 1024 (order: 1, 8192 bytes)
[    0.048043] Mountpoint-cache hash table entries: 1024 (order: 1, 8192 bytes)
[    0.056625] CPU0: Hyper-Threading is disabled
[    0.060285] Last level iTLB entries: 4KB 1024, 2MB 1024, 4MB 512
[    0.064019] Last level dTLB entries: 4KB 1536, 2MB 1536, 4MB 768, 1GB 0
[    0.068021] Spectre V1 : Mitigation: usercopy/swapgs barriers and __user pointer sanitization
[    0.072024] Spectre V2 : Mitigation: Retpolines
[    0.076017] Spectre V2 : Spectre v2 / SpectreRSB mitigation: Filling RSB on context switch
[    0.084012] Spectre V2 : Spectre v2 / SpectreRSB : Filling RSB on VMEXIT
[    0.088022] RETBleed: Vulnerable
[    0.096000] Freeing SMP alternatives memory: 36K
[    0.212902] smpboot: CPU0: AMD Ryzen 5 3450U with Radeon Vega Mobile Gfx (family: 0x17, model: 0x18, stepping: 0x1)
[    0.216259] Performance Events: PMU not available due to virtualization, using software events only.
[    0.220143] Hierarchical SRCU implementation.
[    0.225043] NMI watchdog: Perf event create on CPU 0 failed with -2
[    0.232185] NMI watchdog: Perf NMI watchdog permanently disabled
[    0.240157] smp: Bringing up secondary CPUs ...
[    0.244021] smp: Brought up 1 node, 1 CPU
[    0.248021] smpboot: Max logical packages: 1
[    0.252025] smpboot: Total of 1 processors activated (4199.87 BogoMIPS)
[    0.256486] devtmpfs: initialized
[    0.260200] x86/mm: Memory block size: 128MB
[    0.264358] evm: security.selinux
[    0.272029] evm: security.SMACK64
[    0.276019] evm: security.SMACK64EXEC
[    0.280019] evm: security.SMACK64TRANSMUTE
[    0.284017] evm: security.SMACK64MMAP
[    0.288018] evm: security.apparmor
[    0.292018] evm: security.ima
[    0.296018] evm: security.capability
[    0.300402] clocksource: jiffies: mask: 0xffffffff max_cycles: 0xffffffff, max_idle_ns: 7645041785100000 ns
[    0.304065] futex hash table entries: 256 (order: 2, 16384 bytes)
[    0.308179] pinctrl core: initialized pinctrl subsystem
[    0.313309] RTC time: 20:27:53, date: 11/10/24
[    0.316548] NET: Registered protocol family 16
[    0.320290] audit: initializing netlink subsys (disabled)
[    0.324523] cpuidle: using governor ladder
[    0.328054] audit: type=2000 audit(1731270479.772:1): state=initialized audit_enabled=0 res=1
[    0.332053] cpuidle: using governor menu
[    0.345296] ACPI: bus type PCI registered
[    0.348026] acpiphp: ACPI Hot Plug PCI Controller Driver version: 0.5
[    0.356105] PCI: Using configuration type 1 for base access
[    0.360018] PCI: Using configuration type 1 for extended access
[    0.367147] HugeTLB registered 2.00 MiB page size, pre-allocated 0 pages
[    0.368445] ACPI: Added _OSI(Module Device)
[    0.372033] ACPI: Added _OSI(Processor Device)
[    0.380022] ACPI: Added _OSI(3.0 _SCP Extensions)
[    0.384021] ACPI: Added _OSI(Processor Aggregator Device)
[    0.388098] ACPI: Added _OSI(Linux-Dell-Video)
[    0.392052] ACPI: Added _OSI(Linux-Lenovo-NV-HDMI-Audio)
[    0.396014] ACPI: Added _OSI(Linux-HPI-Hybrid-Graphics)
[    0.404419] ACPI: Executed 1 blocks of module-level executable AML code
[    0.421666] ACPI: Interpreter enabled
[    0.424040] ACPI: (supports S0 S5)
[    0.428009] ACPI: Using IOAPIC for interrupt routing
[    0.436289] PCI: Using host bridge windows from ACPI; if necessary, use "pci=nocrs" and report a bug
[    0.440762] ACPI: Enabled 2 GPEs in block 00 to 07
[    0.476829] ACPI: PCI Root Bridge [PCI0] (domain 0000 [bus 00-ff])
[    0.480054] acpi PNP0A03:00: _OSC: OS supports [ExtendedConfig ASPM ClockPM Segments MSI]
[    0.491346] acpi PNP0A03:00: _OSC: platform does not support [PCIeCapability]
[    0.498399] acpi PNP0A03:00: _OSC: not requesting control; platform does not support [PCIeCapability]
[    0.500028] acpi PNP0A03:00: _OSC: OS requested [PCIeHotplug PME AER PCIeCapability]
[    0.504031] acpi PNP0A03:00: _OSC: platform willing to grant [PCIeHotplug PME AER]
[    0.508026] acpi PNP0A03:00: _OSC failed (AE_SUPPORT); disabling ASPM
[    0.516747] PCI host bridge to bus 0000:00
[    0.520033] pci_bus 0000:00: root bus resource [io  0x0000-0x0cf7 window]
[    0.524029] pci_bus 0000:00: root bus resource [io  0x0d00-0xffff window]
[    0.528029] pci_bus 0000:00: root bus resource [mem 0x000a0000-0x000bffff window]
[    0.532030] pci_bus 0000:00: root bus resource [mem 0x20000000-0xfdffffff window]
[    0.536031] pci_bus 0000:00: root bus resource [bus 00-ff]
[    0.559376] pci 0000:00:01.1: legacy IDE quirk: reg 0x10: [io  0x01f0-0x01f7]
[    0.560028] pci 0000:00:01.1: legacy IDE quirk: reg 0x14: [io  0x03f6]
[    0.564027] pci 0000:00:01.1: legacy IDE quirk: reg 0x18: [io  0x0170-0x0177]
[    0.568023] pci 0000:00:01.1: legacy IDE quirk: reg 0x1c: [io  0x0376]
[    0.630477] pci 0000:00:07.0: quirk: [io  0x4000-0x403f] claimed by PIIX4 ACPI
[    0.632104] pci 0000:00:07.0: quirk: [io  0x4100-0x410f] claimed by PIIX4 SMB
[    0.665157] ACPI: PCI Interrupt Link [LNKA] (IRQs 5 9 10 *11)
[    0.669444] ACPI: PCI Interrupt Link [LNKB] (IRQs 5 9 *10 11)
[    0.672663] ACPI: PCI Interrupt Link [LNKC] (IRQs 5 *9 10 11)
[    0.676538] ACPI: PCI Interrupt Link [LNKD] (IRQs 5 9 10 *11)
[    0.681143] SCSI subsystem initialized
[    0.684333] pci 0000:00:02.0: vgaarb: setting as boot VGA device
[    0.688000] pci 0000:00:02.0: vgaarb: VGA device added: decodes=io+mem,owns=io+mem,locks=none
[    0.688035] pci 0000:00:02.0: vgaarb: bridge control possible
[    0.692020] vgaarb: loaded
[    0.696135] ACPI: bus type USB registered
[    0.704116] usbcore: registered new interface driver usbfs
[    0.708091] usbcore: registered new interface driver hub
[    0.712090] usbcore: registered new device driver usb
[    0.716254] EDAC MC: Ver: 3.0.0
[    0.724902] PCI: Using ACPI for IRQ routing
[    0.733050] NetLabel: Initializing
[    0.736018] NetLabel:  domain hash size = 128
[    0.740018] NetLabel:  protocols = UNLABELED CIPSOv4 CALIPSO
[    0.744093] NetLabel:  unlabeled traffic allowed by default
[    0.748543] clocksource: Switched to clocksource kvm-clock
[    0.896235] VFS: Disk quotas dquot_6.6.0
[    0.908495] VFS: Dquot-cache hash table entries: 512 (order 0, 4096 bytes)
[    0.926566] AppArmor: AppArmor Filesystem Enabled
[    0.938427] pnp: PnP ACPI init
[    0.950161] pnp: PnP ACPI: found 3 devices
[    0.972297] clocksource: acpi_pm: mask: 0xffffff max_cycles: 0xffffff, max_idle_ns: 2085701024 ns
[    0.991467] NET: Registered protocol family 2
[    1.002695] IP idents hash table entries: 8192 (order: 4, 65536 bytes)
[    1.018232] TCP established hash table entries: 4096 (order: 3, 32768 bytes)
[    1.036285] TCP bind hash table entries: 4096 (order: 4, 65536 bytes)
[    1.050909] TCP: Hash tables configured (established 4096 bind 4096)
[    1.066057] UDP hash table entries: 256 (order: 1, 8192 bytes)
[    1.080057] UDP-Lite hash table entries: 256 (order: 1, 8192 bytes)
[    1.095125] NET: Registered protocol family 1
[    1.105391] pci 0000:00:00.0: Limiting direct PCI/PCI transfers
[    1.119115] pci 0000:00:01.0: Activating ISA DMA hang workarounds
[    1.132500] pci 0000:00:02.0: Video device with shadowed ROM at [mem 0x000c0000-0x000dffff]
[    1.151894] Unpacking initramfs...
[    2.560154] Freeing initrd memory: 19528K
[    2.576508] clocksource: tsc: mask: 0xffffffffffffffff max_cycles: 0x1e44f60dcf6, max_idle_ns: 440795253506 ns
[    2.599644] platform rtc_cmos: registered platform RTC device (no PNP device found)
[    2.618177] Scanning for low memory corruption every 60 seconds
[    2.633333] Initialise system trusted keyrings
[    2.643960] Key type blacklist registered
[    2.653070] workingset: timestamp_bits=36 max_order=17 bucket_order=0
[    2.671413] zbud: loaded
[    2.681417] squashfs: version 4.0 (2009/01/31) Phillip Lougher
[    2.695772] fuse init (API version 7.26)
[    2.708645] Key type asymmetric registered
[    2.718986] Asymmetric key parser 'x509' registered
[    2.730036] Block layer SCSI generic (bsg) driver version 0.4 loaded (major 246)
[    2.746425] io scheduler noop registered
[    2.754512] io scheduler deadline registered
[    2.764504] io scheduler cfq registered (default)
[    2.774502] ACPI: AC Adapter [AC] (off-line)
[    2.784150] input: Power Button as /devices/LNXSYSTM:00/LNXPWRBN:00/input/input0
[    2.799467] ACPI: Power Button [PWRF]
[    2.808007] input: Sleep Button as /devices/LNXSYSTM:00/LNXSLPBN:00/input/input1
[    2.825014] ACPI: Sleep Button [SLPF]
[    2.836981] Serial: 8250/16550 driver, 32 ports, IRQ sharing enabled
[    2.853955] ACPI: Battery Slot [BAT0] (battery present)
[    2.918521] 00:02: ttyS0 at I/O 0x3f8 (irq = 4, base_baud = 115200) is a 16550A
[    2.940550] Linux agpgart interface v0.103
[    2.963206] loop: module loaded
[    2.976839] scsi host0: ata_piix
[    2.984373] scsi host1: ata_piix
[    2.991817] ata1: PATA max UDMA/33 cmd 0x1f0 ctl 0x3f6 bmdma 0xd000 irq 14
[    3.007357] ata2: PATA max UDMA/33 cmd 0x170 ctl 0x376 bmdma 0xd008 irq 15
[    3.029353] tun: Universal TUN/TAP device driver, 1.6
[    3.041569] PPP generic driver version 2.4.2
[    3.052114] ehci_hcd: USB 2.0 'Enhanced' Host Controller (EHCI) Driver
[    3.068300] ehci-pci: EHCI PCI platform driver
[    3.078580] ehci-platform: EHCI generic platform driver
[    3.088927] ohci_hcd: USB 1.1 'Open' Host Controller (OHCI) Driver
[    3.103917] ohci-pci: OHCI PCI platform driver
[    3.114570] ohci-platform: OHCI generic platform driver
[    3.127485] uhci_hcd: USB Universal Host Controller Interface driver
[    3.142081] i8042: PNP: PS/2 Controller [PNP0303:PS2K,PNP0f03:PS2M] at 0x60,0x64 irq 1,12
[    3.166908] serio: i8042 KBD port at 0x60,0x64 irq 1
[    3.177672] serio: i8042 AUX port at 0x60,0x64 irq 12
[    3.293532] mousedev: PS/2 mouse device common for all mice
[    3.329002] input: AT Translated Set 2 keyboard as /devices/platform/i8042/serio0/input/input2
[    3.349515] rtc_cmos rtc_cmos: rtc core: registered rtc_cmos as rtc0
[    3.365735] rtc_cmos rtc_cmos: alarms up to one day, 114 bytes nvram
[    3.382060] i2c /dev entries driver
[    3.390882] device-mapper: uevent: version 1.0.3
[    3.402833] device-mapper: ioctl: 4.37.0-ioctl (2017-09-20) initialised: dm-devel@redhat.com
[    3.422129] ledtrig-cpu: registered to indicate activity on CPUs
[    3.437254] NET: Registered protocol family 10
[    3.459132] Segment Routing with IPv6
[    3.467971] NET: Registered protocol family 17
[    3.476829] Key type dns_resolver registered
[    3.485773] mce: Using 0 MCE banks
[    3.493162] RAS: Correctable Errors collector initialized.
[    3.505542] sched_clock: Marking stable (3505312303, 0)->(5995559218, -2490246915)
[    3.521733] registered taskstats version 1
[    3.529851] Loading compiled-in X.509 certificates
[    3.544844] Loaded X.509 cert 'Build time autogenerated kernel key: b5b26778eaa3ab3a4a6cee031137706e947d12ad'
[    3.566817] Loaded X.509 cert 'Canonical Ltd. Live Patch Signing: 14df34d1a87cf37625abec039ef2bf521249b969'
[    3.586728] Loaded X.509 cert 'Canonical Ltd. Kernel Module Signing: 88f752e560a1e0737e31163a466ad7b70a850c19'
[    3.607033] blacklist: Loading compiled-in revocation X.509 certificates
[    3.620580] Loaded X.509 cert 'Canonical Ltd. Secure Boot Signing: 61482aa2830d0ab2ad5af10b7250da9033ddcef0'
[    3.640118] Loaded X.509 cert 'Canonical Ltd. Secure Boot Signing (2017): 242ade75ac4a15e50d50c84b0d45ff3eae707a03'
[    3.661169] Loaded X.509 cert 'Canonical Ltd. Secure Boot Signing (ESM 2018): 365188c1d374d6b07c3c8f240f8ef722433d6a8b'
[    3.684403] Loaded X.509 cert 'Canonical Ltd. Secure Boot Signing (2019): c0746fd6c5da3ae827864651ad66ae47fe24b3e8'
[    3.707389] Loaded X.509 cert 'Canonical Ltd. Secure Boot Signing (2021 v1): a8d54bbb3825cfb94fa13c9f8a594a195c107b8d'
[    3.733262] Loaded X.509 cert 'Canonical Ltd. Secure Boot Signing (2021 v2): 4cf046892d6fd3c9a5b03f98d845f90851dc6a8c'
[    3.756373] Loaded X.509 cert 'Canonical Ltd. Secure Boot Signing (2021 v3): 100437bb6de6e469b581e61cd66bce3ef4ed53af'
[    3.780262] Loaded X.509 cert 'Canonical Ltd. Secure Boot Signing (Ubuntu Core 2019): c1d57b8f6b743f23ee41f4f7ee292f06eecadfb9'
[    3.804834] zswap: loaded using pool lzo/zbud
[    3.826996] Key type big_key registered
[    3.835759] Key type trusted registered
[    3.848072] Key type encrypted registered
[    3.856757] AppArmor: AppArmor sha1 policy hashing enabled
[    3.867486] ima: No TPM chip found, activating TPM-bypass! (rc=-19)
[    3.882185] ima: Allocated hash algorithm: sha1
[    3.892327] evm: HMAC attrs: 0x1
[    3.902759]   Magic number: 0:830:497
[    3.911952] rtc_cmos rtc_cmos: setting system clock to 2024-11-10 20:27:57 UTC (1731270477)
[    3.930312] BIOS EDD facility v0.16 2004-Jun-25, 0 devices found
[    3.943840] EDD information not available.
[    3.958372] Freeing unused kernel image memory: 2480K
[    3.977095] Write protecting the kernel read-only data: 20480k
[    3.991256] Freeing unused kernel image memory: 2008K
[    4.005254] Freeing unused kernel image memory: 1820K
[    4.034419] x86/mm: Checked W+X mappings: passed, no W+X pages found.
Loading, please wait...
starting version 237
[    4.355485] e1000: Intel(R) PRO/1000 Network Driver - version 7.3.21-k8-NAPI
[    4.373433] e1000: Copyright (c) 1999-2006 Intel Corporation.
[    4.422408] Fusion MPT base driver 3.04.20
[    4.433388] Copyright (c) 1999-2008 LSI Corporation
[    4.561389] SSE version of gcm_enc/dec engaged.
[    4.666373] Fusion MPT SPI Host driver 3.04.20
[    4.768781] input: ImExPS/2 Generic Explorer Mouse as /devices/platform/i8042/serio1/input/input4
[    6.019223] e1000 0000:00:03.0 eth0: (PCI:33MHz:32-bit) 02:3b:7b:b7:3b:2d
[    6.033108] e1000 0000:00:03.0 eth0: Intel(R) PRO/1000 Network Connection
[    6.049623] mptbase: ioc0: Initiating bringup
[    6.178710] ioc0: LSI53C1030 A0: Capabilities={Initiator}
[    6.475008] scsi host2: ioc0: LSI53C1030 A0, FwRev=00000000h, Ports=1, MaxQ=256, IRQ=20
[    6.663639] scsi 2:0:0:0: Direct-Access     VBOX     HARDDISK         1.0  PQ: 0 ANSI: 5
[    6.689431] scsi target2:0:0: Beginning Domain Validation
[    6.720438] scsi target2:0:0: Domain Validation skipping write tests
[    6.733278] scsi target2:0:0: Ending Domain Validation
[    6.771644] scsi target2:0:0: asynchronous
[    6.815915] scsi 2:0:1:0: Direct-Access     VBOX     HARDDISK         1.0  PQ: 0 ANSI: 5
[    6.886789] scsi target2:0:1: Beginning Domain Validation
[    6.996681] scsi target2:0:1: Domain Validation skipping write tests
[    7.012719] scsi target2:0:1: Ending Domain Validation
[    7.055706] scsi target2:0:1: asynchronous
[    7.279849] sd 2:0:0:0: [sda] 83886080 512-byte logical blocks: (42.9 GB/40.0 GiB)
[    7.302663] sd 2:0:0:0: Attached scsi generic sg0 type 0
[    7.332879] sd 2:0:1:0: Attached scsi generic sg1 type 0
[    7.364445] sd 2:0:0:0: [sda] Write Protect is off
[    7.377632] sd 2:0:1:0: [sdb] 20480 512-byte logical blocks: (10.5 MB/10.0 MiB)
[    7.412896] sd 2:0:0:0: [sda] Incomplete mode parameter data
[    7.425690] sd 2:0:0:0: [sda] Assuming drive cache: write through
[    7.439324] sd 2:0:1:0: [sdb] Write Protect is off
[    7.479960] sd 2:0:1:0: [sdb] Incomplete mode parameter data
[    7.492534] sd 2:0:1:0: [sdb] Assuming drive cache: write through
[    7.569128]  sda: sda1
[    7.584698] sd 2:0:0:0: [sda] Attached SCSI disk
[    7.630222] sd 2:0:1:0: [sdb] Attached SCSI disk
[    8.394203] e1000 0000:00:08.0 eth1: (PCI:33MHz:32-bit) 08:00:27:a4:da:8f
[    8.410139] e1000 0000:00:08.0 eth1: Intel(R) PRO/1000 Network Connection
[    8.431224] e1000 0000:00:08.0 enp0s8: renamed from eth1
[    8.469099] e1000 0000:00:03.0 enp0s3: renamed from eth0
Begin: Loading essential drivers ... [   11.164140] raid6: sse2x1   gen()  3737 MB/s
[   11.236352] raid6: sse2x1   xor()  2953 MB/s
[   11.300401] raid6: sse2x2   gen()  4754 MB/s
[   11.372517] raid6: sse2x2   xor()  4464 MB/s
[   11.436349] raid6: sse2x4   gen()  7180 MB/s
[   11.508125] raid6: sse2x4   xor()  4353 MB/s
[   11.517495] raid6: using algorithm sse2x4 gen() 7180 MB/s
[   11.530063] raid6: .... xor() 4353 MB/s, rmw enabled
[   11.541854] raid6: using ssse3x2 recovery algorithm
[   11.557017] xor: measuring software checksum speed
[   11.673889]    prefetch64-sse: 16236.000 MB/sec
[   11.788523]    generic_sse: 16662.000 MB/sec
[   11.798186] xor: using function: generic_sse (16662.000 MB/sec)
[   11.816567] async_tx: api initialized (async)
done.
Begin: Running /scripts/init-premount ... done.
Begin: Mounting root file system ... Begin: Running /scripts/local-top ... done.
Begin: Running /scripts/local-premount ... [   11.996508] Btrfs loaded, crc32c=crc32c-intel
Scanning for Btrfs filesystems
done.
Warning: fsck not present, so skipping root file system
[   12.190588] EXT4-fs (sda1): mounted filesystem with ordered data mode. Opts: (null)
done.
Begin: Running /scripts/local-bottom ... done.
Begin: Running /scripts/init-bottom ... done.
[   12.724020] ip_tables: (C) 2000-2006 Netfilter Core Team
[   12.791439] systemd[1]: systemd 237 running in system mode. (+PAM +AUDIT +SELINUX +IMA +APPARMOR +SMACK +SYSVINIT +UTMP +LIBCRYPTSETUP +GCRYPT +GNUTLS +ACL +XZ +LZ4 +SECCOMP +BLKID +ELFUTILS +KMOD -IDN2 +IDN -PCRE2 default-hierarchy=hybrid)
[   12.838378] systemd[1]: Detected virtualization oracle.
[   12.850466] systemd[1]: Detected architecture x86-64.

Welcome to [1mUbuntu 18.04.6 LTS[0m!

[   12.880401] systemd[1]: Set hostname to <ubuntu>.
[   12.910332] systemd[1]: Initializing machine ID from random generator.
[   12.926172] systemd[1]: Installed transient /etc/machine-id file.
[   13.752128] systemd[1]: Created slice System Slice.
[[0;32m  OK  [0m] Created slice System Slice.
[   13.773935] systemd[1]: Listening on LVM2 poll daemon socket.
[[0;32m  OK  [0m] Listening on LVM2 poll daemon socket.
[   13.791916] systemd[1]: Created slice system-serial\x2dgetty.slice.
[[0;32m  OK  [0m] Created slice system-serial\x2dgetty.slice.
[   13.817216] systemd[1]: Set up automount Arbitrary Executable File Formats File System Automount Point.
[[0;32m  OK  [0m] Set up automount Arbitrary Executab…rmats File System Automount Point.
[[0;32m  OK  [0m] Listening on udev Control Socket.
[[0;32m  OK  [0m] Reached target System Time Synchronized.
[[0;32m  OK  [0m] Listening on fsck to fsckd communication Socket.
[[0;32m  OK  [0m] Listening on LVM2 metadata daemon socket.
[[0;32m  OK  [0m] Created slice User and Session Slice.
[[0;32m  OK  [0m] Reached target Mounting snaps.
[[0;32m  OK  [0m] Reached target Mounted snaps.
[[0;32m  OK  [0m] Started Forward Password Requests to Wall Directory Watch.
[[0;32m  OK  [0m] Listening on udev Kernel Socket.
[[0;32m  OK  [0m] Listening on Journal Socket.
         Starting Create list of required st…ce nodes for the current kernel...
         Mounting POSIX Message Queue File System...
         Starting Load Kernel Modules...
         Starting Uncomplicated firewall...
         Mounting Huge Pages File System...
[   14.141069] Loading iSCSI transport class v2.0-870.
[[0;32m  OK  [0m] Listening on Device-mapper event daemon FIFOs.
         Starting Monitoring of LVM2 mirrors…ng dmeventd or progress polling...
[   14.218276] iscsi: registered transport (tcp)
[[0;32m  OK  [0m] Listening on Journal Audit Socket.
         Starting Set the console keyboard layout...
         Mounting Kernel Debug File System...
[[0;32m  OK  [0m] Reached target Swap.
[[0;32m  OK  [0m] Listening on Journal Socket (/dev/log).
[[0;32m  OK  [0m] Reached target User and Group Name Lookups.
         Starting File System Check on Root Device...
[[0;32m  OK  [0m] Listening on /dev/initctl Compatibility Named Pipe.
[[0;32m  OK  [0m] Listening on Syslog Socket.
         Starting Journal Service...
         Starting udev Coldplug all Devices...
[[0;32m  OK  [0m] Reached target Slices.
[[0;32m  OK  [0m] Listening on Network Service Netlink Socket.
[[0;32m  OK  [0m] Started Create list of required sta…vice nodes for the current kernel.
[[0;32m  OK  [0m] Mounted POSIX Message Queue File System.
[[0;32m  OK  [0m] Started Uncomplicated firewall.
[[0;32m  OK  [0m] Mounted Huge Pages File System.
[[0;32m  OK  [0m[   14.695162] iscsi: registered transport (iser)
] Mounted Kernel Debug File System.
[[0;32m  OK  [0m] Started File System Check Daemon to report status.
[[0;32m  OK  [0m] Started LVM2 metadata daemon.
         Starting Create Static Device Nodes in /dev...
[[0;32m  OK  [0m] Started Load Kernel Modules.
[[0;32m  OK  [0m] Started File System Check on Root Device.
         Starting Remount Root and Kernel File Systems...
         Mounting FUSE Control File System...
         Mounting Kernel Configuration File System...
         Starting Apply Kernel Variables...
[[0;32m  OK  [0m] Mounted Kernel Configuration File System.
[[0;32m  OK  [0m] Mounted FUSE Control File System.
[[0;32m  OK  [0m] Started Monitoring of LVM2 mirrors,…sing dmeventd or progress polling.
[[0;32m  OK  [0m] Started Journal Service.
[[0;32m  OK  [0m] Started Create Static Device Nodes in /dev.
[[0;32m  OK  [0m] Started Remount Root and Kernel File Systems.
[[0;32m  OK  [0m] Started Apply Kernel Variables.
         Starting Flush Journal to Persistent Storage...
         Starting Load/Save Random Seed...
         Starting udev Kernel Device Manager...
[[0;32m  OK  [0m] Started udev Coldplug all Devices.
[[0;32m  OK  [0m] Started Load/Save Random Seed.
[[0;32m  OK  [0m] Started udev Kernel Device Manager.
[[0;32m  OK  [0m] Started Flush Journal to Persistent Storage.
[[0;32m  OK  [0m] Found device /dev/ttyS0.
[[0;32m  OK  [0m] Listening on Load/Save RF Kill Switch Status /dev/rfkill Watch.
[[0;32m  OK  [0m] Started Set the console keyboard layout.
[[0;32m  OK  [0m] Reached target Local File Systems (Pre).
[[0;32m  OK  [0m] Reached target Local File Systems.
         Starting AppArmor initialization...
         Starting Tell Plymouth To Write Out Runtime Data...
         Starting Commit a transient machine-id on disk...
         Starting ebtables ruleset management...
         Starting Set console font and keymap...
         Starting Create Volatile Files and Directories...
[[0;32m  OK  [0m] Started Dispatch Password Requests to Console Directory Watch.
[[0;32m  OK  [0m] Reached target Local Encrypted Volumes.
[[0;32m  OK  [0m] Started Tell Plymouth To Write Out Runtime Data.
[[0;32m  OK  [0m] Started Commit a transient machine-id on disk.
[[0;32m  OK  [0m] Started Create Volatile Files and Directories.
         Mounting Arbitrary Executable File Formats File System...
         Starting Update UTMP about System Boot/Shutdown...
[[0;32m  OK  [0m] Mounted Arbitrary Executable File Formats File System.
[[0;32m  OK  [0m] Started Update UTMP about System Boot/Shutdown.
[[0;32m  OK  [0m] Started ebtables ruleset management.
[[0;32m  OK  [0m] Started Set console font and keymap.
[[0;32m  OK  [0m] Started AppArmor initialization.
         Starting Initial cloud-init job (pre-networking)...
         Starting Load AppArmor profiles managed internally by snapd...
[[0;32m  OK  [0m] Started Load AppArmor profiles managed internally by snapd.
[   30.595559] cloud-init[780]: Cloud-init v. 23.1.2-0ubuntu0~18.04.1 running 'init-local' at Sun, 10 Nov 2024 20:28:22 +0000. Up 29.40 seconds.
[[0;32m  OK  [0m] Started Initial cloud-init job (pre-networking).
[[0;32m  OK  [0m] Reached target Network (Pre).
         Starting Network Service...
[[0;32m  OK  [0m] Started Network Service.
         Starting Wait for Network to be Configured...
         Starting Network Name Resolution...
[[0;32m  OK  [0m] Started Network Name Resolution.
[[0;32m  OK  [0m] Reached target Host and Network Name Lookups.
[[0;32m  OK  [0m] Reached target Network.
[[0;32m  OK  [0m] Started Wait for Network to be Configured.
         Starting Initial cloud-init job (metadata service crawler)...
[   34.837439] cloud-init[888]: Cloud-init v. 23.1.2-0ubuntu0~18.04.1 running 'init' at Sun, 10 Nov 2024 20:28:27 +0000. Up 34.34 seconds.
[   34.863020] cloud-init[888]: ci-info: ++++++++++++++++++++++++++++++++++++++Net device info+++++++++++++++++++++++++++++++++++++++
[   34.878480] cloud-init[888]: ci-info: +--------+-------+----------------------------+---------------+--------+-------------------+
[   34.901781] cloud-init[888]: ci-info: | Device |   Up  |          Address           |      Mask     | Scope  |     Hw-Address    |
[   34.939172] cloud-init[888]: ci-info: +--------+-------+----------------------------+---------------+--------+-------------------+
[   34.973368] cloud-init[888]: ci-info: | enp0s3 |  True |         10.0.2.15          | 255.255.255.0 | global | 02:3b:7b:b7:3b:2d |
[   35.021368] cloud-init[888]: ci-info: | enp0s3 |  True | fd00::3b:7bff:feb7:3b2d/64 |       .       | global | 02:3b:7b:b7:3b:2d |
[   35.062210] cloud-init[888]: ci-info: | enp0s3 |  True | fe80::3b:7bff:feb7:3b2d/64 |       .       |  link  | 02:3b:7b:b7:3b:2d |
[   35.098403] cloud-init[888]: ci-info: | enp0s8 | False |             .              |       .       |   .    | 08:00:27:a4:da:8f |
[   35.141447] cloud-init[888]: ci-info: |   lo   |  True |         127.0.0.1          |   255.0.0.0   |  host  |         .         |
[   35.173096] cloud-init[888]: ci-info: |   lo   |  True |          ::1/128           |       .       |  host  |         .         |
[   35.208889] cloud-init[888]: ci-info: +--------+-------+----------------------------+---------------+--------+-------------------+
[   35.235143] cloud-init[888]: ci-info: ++++++++++++++++++++++++++++Route IPv4 info+++++++++++++++++++++++++++++
[   35.266545] cloud-init[888]: ci-info: +-------+-------------+----------+-----------------+-----------+-------+
[   35.305295] cloud-init[888]: ci-info: | Route | Destination | Gateway  |     Genmask     | Interface | Flags |
[   35.332864] cloud-init[888]: ci-info: +-------+-------------+----------+-----------------+-----------+-------+
[   35.357312] cloud-init[888]: ci-info: |   0   |   0.0.0.0   | 10.0.2.2 |     0.0.0.0     |   enp0s3  |   UG  |
[   35.377968] cloud-init[888]: ci-info: |   1   |   10.0.2.0  | 0.0.0.0  |  255.255.255.0  |   enp0s3  |   U   |
[   35.401118] cloud-init[888]: ci-info: |   2   |   10.0.2.2  | 0.0.0.0  | 255.255.255.255 |   enp0s3  |   UH  |
[   35.419591] cloud-init[888]: ci-info: +-------+-------------+----------+-----------------+-----------+-------+
[   35.449336] cloud-init[888]: ci-info: +++++++++++++++++++Route IPv6 info+++++++++++++++++++
[   35.474371] cloud-init[888]: ci-info: +-------+-------------+---------+-----------+-------+
[   35.500137] cloud-init[888]: ci-info: | Route | Destination | Gateway | Interface | Flags |
[   35.537969] cloud-init[888]: ci-info: +-------+-------------+---------+-----------+-------+
[   35.575738] cloud-init[888]: ci-info: |   1   |  fd00::/64  |    ::   |   enp0s3  |   U   |
[   35.609430] cloud-init[888]: ci-info: |   2   |  fe80::/64  |    ::   |   enp0s3  |   U   |
[   35.643649] cloud-init[888]: ci-info: |   3   |     ::/0    | fe80::2 |   enp0s3  |   UG  |
[   35.662521] cloud-init[888]: ci-info: |   5   |    local    |    ::   |   enp0s3  |   U   |
[   35.674532] cloud-init[888]: ci-info: |   6   |   ff00::/8  |    ::   |   enp0s3  |   U   |
[   35.686427] cloud-init[888]: ci-info: +-------+-------------+---------+-----------+-------+
[   37.383976] cloud-init[888]: Generating public/private rsa key pair.
[   37.411370] cloud-init[888]: Your identification has been saved in /etc/ssh/ssh_host_rsa_key.
[   37.446668] cloud-init[888]: Your public key has been saved in /etc/ssh/ssh_host_rsa_key.pub.
[   37.473590] cloud-init[888]: The key fingerprint is:
[   37.496843] cloud-init[888]: SHA256:RpjImbHbMPjddUE7UmWBzbQWNEvAfb/nyPOoUhByaDE root@ubuntu-bionic
[   37.529409] cloud-init[888]: The key's randomart image is:
[   37.553523] cloud-init[888]: +---[RSA 2048]----+
[   37.589497] cloud-init[888]: |    .   Eo o=XX. |
[   37.613772] cloud-init[888]: |   o * o+.o.o=+=.|
[   37.641032] cloud-init[888]: |  . O o..oo.+ +..|
[   37.664079] cloud-init[888]: |   . * o ..o o  .|
[   37.696762] cloud-init[888]: |    o o S  .    .|
[   37.717589] cloud-init[888]: |       .    .  ..|
[   37.742623] cloud-init[888]: |           . . o.|
[   37.761118] cloud-init[888]: |          .   +..|
[   37.783673] cloud-init[888]: |           ....o.|
[   37.818987] cloud-init[888]: +----[SHA256]-----+
[[   37.841243] [0;32m  OK  [0m] cloud-initStarted Initial cloud-init job (metadata service crawler).
[[888]: Generating public/private dsa key pair.[0;32m  OK  [0m] Reached target Cloud-config availability.

[[   37.905077] [0;32m  OK  [0m] Reached target Network is Online.cloud-init
[888]: Your identification has been saved in /etc/ssh/ssh_host_dsa_key.
[   37.949524] cloud-init[888]: Your public key has been saved in /etc/ssh/ssh_host_dsa_key.pub.
[[0;32m  OK  [0m] Reached target Remote File Systems (Pre).[   37.974516] cloud-init[888]: 
[The key fingerprint is:
[0;32m  OK  [0m] Reached target Remote File Systems.[   37.994528] cloud-init[888]: SHA256:d4ShNNTOrXr7lC0oEtwZD4c4oOOusrN51obp2127aKc root@ubuntu-bionic
         Starting Availability of block devices...
[
[0;32m  OK  [0m] Reached target System Initialization.
[   38.046092] cloud-init[[0;32m  OK  [0m] Listening on UUID daemon activation socket.[888]: 
The key's randomart image is:[[0;32m  OK  [0m] Started ACPI Events Check.

[[   38.098451] [0;32m  OK  [0m] cloud-initListening on Open-iSCSI iscsid Socket.[888]: 
+---[DSA 1024]----+         
Starting LXD - unix socket.
[   38.148473] cloud-init[[0;32m  OK  [0m] Listening on D-Bus System Message Bus Socket.
[[888]: |    .  .+..      |[0;32m  OK  [0m] Started Daily apt download activities.
[   38.194809] 
[cloud-init[0;32m  OK  [0m] [888]: Reached target Paths.
[|   . . o +.o     |
[0;32m  OK  [0m] Listening on ACPID Listen Socket.[   38.238684] 
cloud-init[888]:          |  o   o =oo..    |
Starting Socket activation for snappy daemon.
[   38.271276] [[0;32m  OK  [0mcloud-init] Listening on cloud-init hotplug hook socket.[888]: | . . . o *o..    |

[[0;32m  OK  [0m[   38.303229] cloud-init[888]: ] Started Discard unused blocks once a week.|  .   o S o..    |
[   38.322522] 
[[0;32m  OK  [0m] cloud-init[888]: Started Ubuntu Advantage Timer for running repeated jobs.| .     . ..o o   |
[   38.348412] 
cloud-init[888]: [[0;32m  OK  [0m|  .+  . o.. + .  |] Started Message of the Day.
[   38.373329] cloud-init
[[0;32m  OK  [0m[888]: |oo=.o..+oo.. .   |] Started Daily Cleanup of Temporary Directories.
[   38.403951] 
cloud-init[888]: [[0;32m  OK  [0m] |*Boo..Eooo.o.    |Started Daily apt upgrade and clean activities.
[   38.434003] 
[cloud-init[888]: [0;32m  OK  [0m+----[SHA256]-----+
] Reached target Timers.[   38.462019] 
cloud-init[[0;32m  OK  [0m] [888]: Generating public/private ecdsa key pair.Started Availability of block devices.
[
[   38.503204] [0;32m  OK  [0m] Listening on LXD - unix socket.cloud-init
[[888]: [0;32m  OK  [0m] Listening on Socket activation for snappy daemon.Your identification has been saved in /etc/ssh/ssh_host_ecdsa_key.
[
[0;32m  OK  [0m] Reached target Sockets.[   38.570967] 
[cloud-init[0;32m  OK  [0m[888]: ] Reached target Basic System.Your public key has been saved in /etc/ssh/ssh_host_ecdsa_key.pub.

[   38.607570] cloud-init[888]: The key fingerprint is:
[   38.619776] cloud-init[888]: SHA256:+1ndg6j7VFmXOzu1TBod4Y3+YzyBl4XGRX8NGrh/LEQ root@ubuntu-bionic
[   38.637194] cloud-init[[0;32m  OK  [0m] Started irqbalance daemon.
[888]: The key's randomart image is:         Starting Permit User Sessions...
         
Starting Dispatcher daemon for systemd-networkd...
         Starting Virtualbox guest utils...[   38.794546] 
[[0;32m  OK  [0m] Started D-Bus System Message Bus.
cloud-init[888]: +---[ECDSA 256]---+
[   38.894203] cloud-init[888]: |           .. .oo|
[   38.974105] cloud-init[888]: |          . E+.=*|
[   39.027911] cloud-init[888]: |           o. ==B|
[   39.093117] cloud-init[[0;32m  OK  [0m] Started FUSE filesystem for LXC.
         Starting LXD - container startup/shutdown...[888]: 
|          . .o= B|
[   39.200815] cloud-init[888]:          Starting Snap Daemon...|        S  o *.O.|

[   39.280601] cloud-init         Starting Accounts Service...
         [888]: Starting Login Service...
|         .  =.@o*|
[   39.405667] cloud-init[888]: |        .  o.=.@o|
[   39.496879] cloud-init[[0;32m  OK  [0m] Started Regular background program processing daemon.
         [888]: Starting System Logging Service...
[[0;32m  OK  [0m] Reached target Login Prompts (Pre).
         Starting LSB: Record successful boot for GRUB...
|         .oo  . =|
         Starting Pollinate to seed the pseudo random number generator...
         Starting LSB: automatic crash report generation...
[[   39.742184] [0;32m  OK  [0m] Started Deferred execution scheduler.
[[0;32m  OK  [0m] Started Permit User Sessions.
cloud-init[888]:          |         o=.     |Starting Hostname Service...
         Starting Hold until boot process finishes up...
         Starting Terminate Plymouth Boot Screen...

[[0;32m  OK  [0m] Started Hold until boot process finishes up.
[[0;32m  OK  [0m] Started Login Service.
[   40.153760] [[0;32m  OK  [0m] Started Unattended Upgrades Shutdown.
         Starting Set console scheme...
[[0;32m  OK  [0m] Started Serial Getty on ttyS0.
cloud-init[[0;32m  OK  [0m] Started Terminate Plymouth Boot Screen.
         Starting Authorization Manager...
[888]: +----[SHA256]-----+
[[0;32m  OK  [0m] Started Set console scheme.[   40.557502] cloud-init
[[0;32m  OK  [0m] Created slice system-getty.slice.
[[0;32m  OK  [0m] Started Getty on tty1.
[[0;32m  OK  [0m] Reached target Login Prompts.
[888]: Generating public/private ed25519 key pair.
[[0;32m  OK  [0m] Started System Logging Service.
[   40.919149] cloud-init[888]: Your identification has been saved in /etc/ssh/ssh_host_ed25519_key.[[0;32m  OK  [0m] Started Hostname Service.

[[0;32m  OK  [0m] Started Authorization Manager.
[   41.213050] cloud-init[888]: [[0;32m  OK  [0m] Started LSB: Record successful boot for GRUB.Your public key has been saved in /etc/ssh/ssh_host_ed25519_key.pub.

[   41.493230] cloud-init[888]: [[0;32m  OK  [0m] Started LSB: automatic crash report generation.
The key fingerprint is:
[   41.677869] cloud-init[888]: SHA256:gb52/kQXjUPcF5+zTaF2YLMTEgc5B5zKPsplNZfMLf4 root@ubuntu-bionic[[0;32m  OK  [0m] Started Accounts Service.

[   41.827365] cloud-init[888]: The key's randomart image is:
[   41.940550] cloud-init[888]: +--[ED25519 256]--+
[   42.050334] cloud-init[888]: |          .*BB o.|
[   42.179309] cloud-init[888]: |       .   *=+B =|
[   42.381157] cloud-init[888]: |      . o . O=+=o|
[   42.529609] cloud-init[888]: [[0;32m  OK  [0m] Started Virtualbox guest utils.|     .   + o.Ooo+|

[   42.686019] cloud-init[888]: |      . S o = ...|
[   42.794640] cloud-init[888]: |       . * . .   |
[   42.923794] cloud-init[888]: |      + = o   .  |
[   43.043722] cloud-init[888]: |     . = .     E |
[[0;32m  OK  [0m] Started Dispatcher daemon for systemd-networkd.[   43.196703] cloud-init
[888]: |        ...      |
[   43.291090] cloud-init[888]: +----[SHA256]-----+[[0;32m  OK  [0m] 
Started LXD - container startup/shutdown.
[[0;32m  OK  [0m] Started Snap Daemon.
         Starting Wait until snapd is fully seeded...

Ubuntu 18.04.6 LTS ubuntu-bionic ttyS0

ubuntu-bionic login: [   64.408700] cloud-init[1399]: Cloud-init v. 23.1.2-0ubuntu0~18.04.1 running 'modules:config' at Sun, 10 Nov 2024 20:28:53 +0000. Up 60.31 seconds.
ci-info: no authorized SSH keys fingerprints found for user ubuntu.
<14>Nov 10 20:29:02 cloud-init: #############################################################
<14>Nov 10 20:29:02 cloud-init: -----BEGIN SSH HOST KEY FINGERPRINTS-----
<14>Nov 10 20:29:02 cloud-init: 1024 SHA256:d4ShNNTOrXr7lC0oEtwZD4c4oOOusrN51obp2127aKc root@ubuntu-bionic (DSA)
<14>Nov 10 20:29:02 cloud-init: 256 SHA256:+1ndg6j7VFmXOzu1TBod4Y3+YzyBl4XGRX8NGrh/LEQ root@ubuntu-bionic (ECDSA)
<14>Nov 10 20:29:02 cloud-init: 256 SHA256:gb52/kQXjUPcF5+zTaF2YLMTEgc5B5zKPsplNZfMLf4 root@ubuntu-bionic (ED25519)
<14>Nov 10 20:29:02 cloud-init: 2048 SHA256:RpjImbHbMPjddUE7UmWBzbQWNEvAfb/nyPOoUhByaDE root@ubuntu-bionic (RSA)
<14>Nov 10 20:29:02 cloud-init: -----END SSH HOST KEY FINGERPRINTS-----
<14>Nov 10 20:29:02 cloud-init: #############################################################
-----BEGIN SSH HOST KEY KEYS-----
ecdsa-sha2-nistp256 AAAAE2VjZHNhLXNoYTItbmlzdHAyNTYAAAAIbmlzdHAyNTYAAABBBEvSzN7BAPj9WyZVLbLDti2P2v60uc6SubkmDdjopoRN9+qKcgxrcX/nUD6kSf8gAAFS5wWBhFqv8FvVPIJbr80= root@ubuntu-bionic
ssh-ed25519 AAAAC3NzaC1lZDI1NTE5AAAAIIkWMBCvAobV4SLoN7wrp1lW4Xpt4kzLMVrBnUETwcxZ root@ubuntu-bionic
ssh-rsa AAAAB3NzaC1yc2EAAAADAQABAAABAQDunh1uX9NsBY75Iohn0YdFCxqydkp+nRiriqRk4LU+TLwYG9HiIy+dii6eo1kqAe8CcbgzZJQg2P83HbHq8oqY5COn6Mwtcsz1dHyNfHd4zOotz9ot9y95BV1pVRVSecr7JPhwBu3qzWpViPIIk057gsoZ60Nl7VxXRNP6dQUH8fp0yI8k+WOvXdPkpIHiVz+yy8Fxoj3F3mWm+LjOozzTKw7TXJYgoMONMYGYF/yIgusSP2Kl7Za/5FVbeGSTKJ5fzP4wjfZFAjjUZATWxWe0+ZGgVKpzR2cvEniz37nEjyhNLzKFkOm5hSItQCEyIfb1bx7xqgU/IE/t9unCwzvv root@ubuntu-bionic
-----END SSH HOST KEY KEYS-----
[   69.328799] cloud-init[1540]: Cloud-init v. 23.1.2-0ubuntu0~18.04.1 running 'modules:final' at Sun, 10 Nov 2024 20:29:01 +0000. Up 68.11 seconds.
[   69.377469] cloud-init[1540]: Cloud-init v. 23.1.2-0ubuntu0~18.04.1 finished at Sun, 10 Nov 2024 20:29:02 +0000. Datasource DataSourceNoCloud [seed=/dev/sdb][dsmode=net].  Up 69.29 seconds
